#
# There is insufficient memory for the Java Runtime Environment to continue.
# Native memory allocation (malloc) failed to allocate 64912 bytes. Error detail: Chunk::new
# Possible reasons:
#   The system is out of physical RAM or swap space
#   This process is running with CompressedOops enabled, and the Java Heap may be blocking the growth of the native heap
# Possible solutions:
#   Reduce memory load on the system
#   Increase physical memory or swap space
#   Check if swap backing store is full
#   Decrease Java heap size (-Xmx/-Xms)
#   Decrease number of Java threads
#   Decrease Java thread stack sizes (-Xss)
#   Set larger code cache with -XX:ReservedCodeCacheSize=
#   JVM is running with Unscaled Compressed Oops mode in which the Java heap is
#     placed in the first 4GB address space. The Java Heap base address is the
#     maximum limit for the native heap growth. Please use -XX:HeapBaseMinAddress
#     to set the Java Heap base and to place the Java Heap above 4GB virtual address.
# This output file may be truncated or incomplete.
#
#  Out of Memory Error (arena.cpp:168), pid=10764, tid=36248
#
# JRE version: OpenJDK Runtime Environment Temurin-21.0.11+10 (21.0.11+10) (build 21.0.11+10-LTS)
# Java VM: OpenJDK 64-Bit Server VM Temurin-21.0.11+10 (21.0.11+10-LTS, mixed mode, sharing, tiered, compressed oops, compressed class ptrs, parallel gc, windows-amd64)
# No core dump will be written. Minidumps are not enabled by default on client versions of Windows
#

---------------  S U M M A R Y ------------

Command Line: --add-modules=ALL-SYSTEM --add-opens=java.base/java.util=ALL-UNNAMED --add-opens=java.base/java.lang=ALL-UNNAMED --add-opens=java.base/sun.nio.fs=ALL-UNNAMED -Declipse.application=org.eclipse.jdt.ls.core.id1 -Dosgi.bundles.defaultStartLevel=4 -Declipse.product=org.eclipse.jdt.ls.core.product -Djava.import.generatesMetadataFilesAtProjectRoot=false -DDetectVMInstallationsJob.disabled=true -Dfile.encoding=utf8 -XX:+UseParallelGC -XX:GCTimeRatio=4 -XX:AdaptiveSizePolicyWeight=90 -Dsun.zip.disableMemoryMapping=true -Xmx2G -Xms100m -Xlog:disable -javaagent:c:\Users\maria\.vscode\extensions\redhat.java-1.55.0-win32-x64\lombok\lombok-1.18.39-4050.jar c:\Users\maria\.vscode\extensions\redhat.java-1.55.0-win32-x64\server\plugins\org.eclipse.equinox.launcher_1.7.200.v20260619-2039.jar -configuration c:\Users\maria\AppData\Roaming\Code\User\globalStorage\redhat.java\1.55.0\config_ss_win -data c:\Users\maria\AppData\Roaming\Code\User\workspaceStorage\04160370f418db120026280e539dd7ca\redhat.java\ss_ws --pipe=\\.\pipe\lsp-585e8327155b36b08d107522c4d3adc7-sock

Host: 11th Gen Intel(R) Core(TM) i5-1135G7 @ 2.40GHz, 8 cores, 11G,  Windows 11 , 64 bit Build 26100 (10.0.26100.8521)
Time: Thu Jul 16 01:05:15 2026 Hora est. Pacífico, Sudamérica elapsed time: 23.826109 seconds (0d 0h 0m 23s)

---------------  T H R E A D  ---------------

Current thread (0x0000022b6eb25db0):  JavaThread "C2 CompilerThread1" daemon [_thread_in_native, id=36248, stack(0x000000364a700000,0x000000364a800000) (1024K)]


Current CompileTask:
C2:23826 1961 %     4       java.io.DataInputStream::readUTF @ 92 (501 bytes)

Stack: [0x000000364a700000,0x000000364a800000]
Native frames: (J=compiled Java code, j=interpreted, Vv=VM code, C=native code)
V  [jvm.dll+0x6d7e19]
V  [jvm.dll+0x8b5096]
V  [jvm.dll+0x8b764e]
V  [jvm.dll+0x8b7d33]
V  [jvm.dll+0x284596]
V  [jvm.dll+0xc685d]
V  [jvm.dll+0xc6da1]
V  [jvm.dll+0x1422bf]
V  [jvm.dll+0x666713]
V  [jvm.dll+0x664c1b]
V  [jvm.dll+0x24c57b]
V  [jvm.dll+0x24bce0]
V  [jvm.dll+0x1cb4ae]
V  [jvm.dll+0x25baad]
V  [jvm.dll+0x25a03a]
V  [jvm.dll+0x3f868e]
V  [jvm.dll+0x85fb0d]
V  [jvm.dll+0x6d664d]
C  [ucrtbase.dll+0x2cd30]
C  [KERNEL32.DLL+0x2e957]
C  [ntdll.dll+0x87c1c]


---------------  P R O C E S S  ---------------

Threads class SMR info:
_java_thread_list=0x0000022b6e77af30, length=16, elements={
0x0000022b51ca1710, 0x0000022b51c183b0, 0x0000022b51d5e8b0, 0x0000022b51c20e10,
0x0000022b51c21870, 0x0000022b51c247f0, 0x0000022b51c28c60, 0x0000022b51c3a6a0,
0x0000022b51c3be60, 0x0000022b6e23abf0, 0x0000022b6e31c600, 0x0000022b6e7b8ae0,
0x0000022b6e1d5530, 0x0000022b6edb8ed0, 0x0000022b6e4375e0, 0x0000022b6eb25db0
}

Java Threads: ( => current thread )
  0x0000022b51ca1710 JavaThread "main"                              [_thread_blocked, id=11160, stack(0x0000003648e00000,0x0000003648f00000) (1024K)]
  0x0000022b51c183b0 JavaThread "Reference Handler"          daemon [_thread_blocked, id=25180, stack(0x0000003649200000,0x0000003649300000) (1024K)]
  0x0000022b51d5e8b0 JavaThread "Finalizer"                  daemon [_thread_blocked, id=39708, stack(0x0000003649300000,0x0000003649400000) (1024K)]
  0x0000022b51c20e10 JavaThread "Signal Dispatcher"          daemon [_thread_blocked, id=37872, stack(0x0000003649400000,0x0000003649500000) (1024K)]
  0x0000022b51c21870 JavaThread "Attach Listener"            daemon [_thread_blocked, id=26584, stack(0x0000003649500000,0x0000003649600000) (1024K)]
  0x0000022b51c247f0 JavaThread "Service Thread"             daemon [_thread_blocked, id=27152, stack(0x0000003649600000,0x0000003649700000) (1024K)]
  0x0000022b51c28c60 JavaThread "Monitor Deflation Thread"   daemon [_thread_blocked, id=3604, stack(0x0000003649700000,0x0000003649800000) (1024K)]
  0x0000022b51c3a6a0 JavaThread "C2 CompilerThread0"         daemon [_thread_blocked, id=36852, stack(0x0000003649800000,0x0000003649900000) (1024K)]
  0x0000022b51c3be60 JavaThread "C1 CompilerThread0"         daemon [_thread_blocked, id=13164, stack(0x0000003649900000,0x0000003649a00000) (1024K)]
  0x0000022b6e23abf0 JavaThread "Common-Cleaner"             daemon [_thread_blocked, id=33216, stack(0x0000003649b00000,0x0000003649c00000) (1024K)]
  0x0000022b6e31c600 JavaThread "Notification Thread"        daemon [_thread_blocked, id=35328, stack(0x0000003649a00000,0x0000003649b00000) (1024K)]
  0x0000022b6e7b8ae0 JavaThread "Active Thread: Equinox Container: 488292e0-21ba-4195-b101-999338ccf296"        [_thread_blocked, id=14372, stack(0x000000364a400000,0x000000364a500000) (1024K)]
  0x0000022b6e1d5530 JavaThread "Framework Event Dispatcher: Equinox Container: 488292e0-21ba-4195-b101-999338ccf296" daemon [_thread_blocked, id=40064, stack(0x0000003649c00000,0x0000003649d00000) (1024K)]
  0x0000022b6edb8ed0 JavaThread "Start Level: Equinox Container: 488292e0-21ba-4195-b101-999338ccf296" daemon [_thread_in_vm, id=37076, stack(0x000000364a300000,0x000000364a400000) (1024K)]
  0x0000022b6e4375e0 JavaThread "SCR Component Actor"        daemon [_thread_blocked, id=9260, stack(0x000000364a600000,0x000000364a700000) (1024K)]
=>0x0000022b6eb25db0 JavaThread "C2 CompilerThread1"         daemon [_thread_in_native, id=36248, stack(0x000000364a700000,0x000000364a800000) (1024K)]
Total: 16

Other Threads:
  0x0000022b51d419b0 VMThread "VM Thread"                           [id=27032, stack(0x0000003649100000,0x0000003649200000) (1024K)]
  0x0000022b51b2c7e0 WatcherThread "VM Periodic Task Thread"        [id=31704, stack(0x0000003649000000,0x0000003649100000) (1024K)]
  0x0000022b51cc0290 WorkerThread "GC Thread#0"                     [id=35084, stack(0x0000003648f00000,0x0000003649000000) (1024K)]
  0x0000022b6ebec160 WorkerThread "GC Thread#1"                     [id=30132, stack(0x0000003649d00000,0x0000003649e00000) (1024K)]
  0x0000022b6ebec510 WorkerThread "GC Thread#2"                     [id=8716, stack(0x0000003649e00000,0x0000003649f00000) (1024K)]
  0x0000022b6ecef870 WorkerThread "GC Thread#3"                     [id=16216, stack(0x0000003649f00000,0x000000364a000000) (1024K)]
  0x0000022b6ecefc20 WorkerThread "GC Thread#4"                     [id=7504, stack(0x000000364a000000,0x000000364a100000) (1024K)]
  0x0000022b6edd45b0 WorkerThread "GC Thread#5"                     [id=22624, stack(0x000000364a100000,0x000000364a200000) (1024K)]
  0x0000022b6edd4960 WorkerThread "GC Thread#6"                     [id=33336, stack(0x000000364a200000,0x000000364a300000) (1024K)]
  0x0000022b6ead4100 WorkerThread "GC Thread#7"                     [id=2900, stack(0x000000364a500000,0x000000364a600000) (1024K)]
Total: 10

Threads with active compile tasks:
C1 CompilerThread0  24896 2020       3       java.lang.invoke.LambdaFormEditor$Transform::equals (32 bytes)
C2 CompilerThread1  24896 1961 %     4       java.io.DataInputStream::readUTF @ 92 (501 bytes)
Total: 2

VM state: not at safepoint (normal execution)

VM Mutex/Monitor currently owned by a thread: None

Heap address: 0x0000000080000000, size: 2048 MB, Compressed Oops mode: 32-bit

CDS archive(s) mapped at: [0x0000022b00000000-0x0000022b00ba0000-0x0000022b00ba0000), size 12189696, SharedBaseAddress: 0x0000022b00000000, ArchiveRelocationMode: 1.
Compressed class space mapped at: 0x0000022b01000000-0x0000022b41000000, reserved size: 1073741824
Narrow klass base: 0x0000022b00000000, Narrow klass shift: 0, Narrow klass range: 0x100000000

GC Precious Log:
 CardTable entry size: 512
 CPUs: 8 total, 8 available
 Memory: 11931M
 Large Page Support: Disabled
 NUMA Support: Disabled
 Compressed Oops: Enabled (32-bit)
 Alignments: Space 512K, Generation 512K, Heap 2M
 Heap Min Capacity: 100M
 Heap Initial Capacity: 100M
 Heap Max Capacity: 2G
 Pre-touch: Disabled
 Parallel Workers: 8

Heap:
 PSYoungGen      total 29696K, used 19055K [0x00000000d5580000, 0x00000000d7680000, 0x0000000100000000)
  eden space 25600K, 58% used [0x00000000d5580000,0x00000000d6420c80,0x00000000d6e80000)
  from space 4096K, 99% used [0x00000000d7280000,0x00000000d767b010,0x00000000d7680000)
  to   space 4096K, 0% used [0x00000000d6e80000,0x00000000d6e80000,0x00000000d7280000)
 ParOldGen       total 68608K, used 1073K [0x0000000080000000, 0x0000000084300000, 0x00000000d5580000)
  object space 68608K, 1% used [0x0000000080000000,0x000000008010c6a8,0x0000000084300000)
 Metaspace       used 11128K, committed 11520K, reserved 1114112K
  class space    used 1206K, committed 1344K, reserved 1048576K

Card table byte_map: [0x0000022b51640000,0x0000022b51a50000] _byte_map_base: 0x0000022b51240000

Marking Bits: (ParMarkBitMap*) 0x00007ffbe2c74460
 Begin Bits: [0x0000022b64150000, 0x0000022b66150000)
 End Bits:   [0x0000022b66150000, 0x0000022b68150000)

Polling page: 0x0000022b4faa0000

Metaspace:

Usage:
  Non-class:      9.69 MB used.
      Class:      1.18 MB used.
       Both:     10.87 MB used.

Virtual space:
  Non-class space:       64.00 MB reserved,       9.94 MB ( 16%) committed,  1 nodes.
      Class space:        1.00 GB reserved,       1.31 MB ( <1%) committed,  1 nodes.
             Both:        1.06 GB reserved,      11.25 MB (  1%) committed. 

Chunk freelists:
   Non-Class:  5.75 MB
       Class:  14.63 MB
        Both:  20.37 MB

MaxMetaspaceSize: unlimited
CompressedClassSpaceSize: 1.00 GB
Initial GC threshold: 21.00 MB
Current GC threshold: 21.00 MB
CDS: on
 - commit_granule_bytes: 65536.
 - commit_granule_words: 8192.
 - virtual_space_node_default_size: 8388608.
 - enlarge_chunks_in_place: 1.
 - use_allocation_guard: 0.


Internal statistics:

num_allocs_failed_limit: 0.
num_arena_births: 278.
num_arena_deaths: 0.
num_vsnodes_births: 2.
num_vsnodes_deaths: 0.
num_space_committed: 180.
num_space_uncommitted: 0.
num_chunks_returned_to_freelist: 0.
num_chunks_taken_from_freelist: 605.
num_chunk_merges: 0.
num_chunk_splits: 394.
num_chunks_enlarged: 260.
num_inconsistent_stats: 0.

CodeHeap 'non-profiled nmethods': size=120000Kb used=851Kb max_used=851Kb free=119148Kb
 bounds [0x0000022b5c970000, 0x0000022b5cbe0000, 0x0000022b63ea0000]
CodeHeap 'profiled nmethods': size=120000Kb used=3786Kb max_used=3786Kb free=116213Kb
 bounds [0x0000022b54ea0000, 0x0000022b55260000, 0x0000022b5c3d0000]
CodeHeap 'non-nmethods': size=5760Kb used=1239Kb max_used=1253Kb free=4520Kb
 bounds [0x0000022b5c3d0000, 0x0000022b5c640000, 0x0000022b5c970000]
CodeCache: size=245760Kb, used=5876Kb, max_used=5890Kb, free=239881Kb
 total_blobs=2516, nmethods=2017, adapters=406, full_count=0
Compilation: enabled, stopped_count=0, restarted_count=0

Compilation events (20 events):
Event: 20.705 Thread 0x0000022b51c3be60 nmethod 1949 0x0000022b55231b10 code [0x0000022b55231d00, 0x0000022b55232148]
Event: 20.710 Thread 0x0000022b51c3a6a0 1950       4       java.util.zip.ZipFile$Source::zipCoderForPos (39 bytes)
Event: 20.711 Thread 0x0000022b51c3a6a0 nmethod 1950 0x0000022b5ca39b90 code [0x0000022b5ca39d20, 0x0000022b5ca39df0]
Event: 20.750 Thread 0x0000022b51c3be60 1951       3       java.io.WinNTFileSystem::normalize (143 bytes)
Event: 20.752 Thread 0x0000022b51c3be60 nmethod 1951 0x0000022b55232390 code [0x0000022b55232620, 0x0000022b55233080]
Event: 20.783 Thread 0x0000022b51c3be60 1952       3       java.lang.invoke.InnerClassLambdaMetafactory::getOpcodeOffset (38 bytes)
Event: 20.783 Thread 0x0000022b51c3be60 nmethod 1952 0x0000022b55233490 code [0x0000022b55233660, 0x0000022b55233918]
Event: 20.785 Thread 0x0000022b51c3be60 1954       3       sun.invoke.util.Wrapper::isDoubleWord (15 bytes)
Event: 20.786 Thread 0x0000022b51c3be60 nmethod 1954 0x0000022b55233a10 code [0x0000022b55233ba0, 0x0000022b55233d08]
Event: 20.786 Thread 0x0000022b51c3be60 1956       3       java.lang.invoke.MethodHandles$Lookup::<init> (84 bytes)
Event: 20.786 Thread 0x0000022b51c3be60 nmethod 1956 0x0000022b55233d90 code [0x0000022b55233f40, 0x0000022b55234100]
Event: 20.788 Thread 0x0000022b51c3a6a0 1957       4       java.lang.Object::equals (11 bytes)
Event: 20.789 Thread 0x0000022b51c3a6a0 nmethod 1957 0x0000022b5ca3a490 code [0x0000022b5ca3a620, 0x0000022b5ca3a6b8]
Event: 20.790 Thread 0x0000022b51c3a6a0 1959       4       java.io.DataInputStream::readFully (59 bytes)
Event: 20.794 Thread 0x0000022b51c3be60 1965       3       java.util.WeakHashMap::get (75 bytes)
Event: 20.795 Thread 0x0000022b51c3be60 nmethod 1965 0x0000022b55234190 code [0x0000022b552343c0, 0x0000022b55234c28]
Event: 20.795 Thread 0x0000022b6eb25db0 1961 %     4       java.io.DataInputStream::readUTF @ 92 (501 bytes)
Event: 20.796 Thread 0x0000022b51c3be60 1966       3       java.lang.Thread::getContextClassLoader (30 bytes)
Event: 20.796 Thread 0x0000022b51c3be60 nmethod 1966 0x0000022b55234f90 code [0x0000022b55235140, 0x0000022b55235398]
Event: 22.628 Thread 0x0000022b51c3be60 1967       3       java.util.concurrent.Semaphore$NonfairSync::tryAcquireShared (6 bytes)

GC Heap History (4 events):
Event: 2.775 GC heap before
{Heap before GC invocations=1 (full 0):
 PSYoungGen      total 29696K, used 25600K [0x00000000d5580000, 0x00000000d7680000, 0x0000000100000000)
  eden space 25600K, 100% used [0x00000000d5580000,0x00000000d6e80000,0x00000000d6e80000)
  from space 4096K, 0% used [0x00000000d7280000,0x00000000d7280000,0x00000000d7680000)
  to   space 4096K, 0% used [0x00000000d6e80000,0x00000000d6e80000,0x00000000d7280000)
 ParOldGen       total 68608K, used 0K [0x0000000080000000, 0x0000000084300000, 0x00000000d5580000)
  object space 68608K, 0% used [0x0000000080000000,0x0000000080000000,0x0000000084300000)
 Metaspace       used 4362K, committed 4608K, reserved 1114112K
  class space    used 475K, committed 576K, reserved 1048576K
}
Event: 2.788 GC heap after
{Heap after GC invocations=1 (full 0):
 PSYoungGen      total 29696K, used 3264K [0x00000000d5580000, 0x00000000d7680000, 0x0000000100000000)
  eden space 25600K, 0% used [0x00000000d5580000,0x00000000d5580000,0x00000000d6e80000)
  from space 4096K, 79% used [0x00000000d6e80000,0x00000000d71b0138,0x00000000d7280000)
  to   space 4096K, 0% used [0x00000000d7280000,0x00000000d7280000,0x00000000d7680000)
 ParOldGen       total 68608K, used 16K [0x0000000080000000, 0x0000000084300000, 0x00000000d5580000)
  object space 68608K, 0% used [0x0000000080000000,0x0000000080004000,0x0000000084300000)
 Metaspace       used 4362K, committed 4608K, reserved 1114112K
  class space    used 475K, committed 576K, reserved 1048576K
}
Event: 20.336 GC heap before
{Heap before GC invocations=2 (full 0):
 PSYoungGen      total 29696K, used 28864K [0x00000000d5580000, 0x00000000d7680000, 0x0000000100000000)
  eden space 25600K, 100% used [0x00000000d5580000,0x00000000d6e80000,0x00000000d6e80000)
  from space 4096K, 79% used [0x00000000d6e80000,0x00000000d71b0138,0x00000000d7280000)
  to   space 4096K, 0% used [0x00000000d7280000,0x00000000d7280000,0x00000000d7680000)
 ParOldGen       total 68608K, used 16K [0x0000000080000000, 0x0000000084300000, 0x00000000d5580000)
  object space 68608K, 0% used [0x0000000080000000,0x0000000080004000,0x0000000084300000)
 Metaspace       used 8172K, committed 8448K, reserved 1114112K
  class space    used 869K, committed 960K, reserved 1048576K
}
Event: 20.343 GC heap after
{Heap after GC invocations=2 (full 0):
 PSYoungGen      total 29696K, used 4076K [0x00000000d5580000, 0x00000000d7680000, 0x0000000100000000)
  eden space 25600K, 0% used [0x00000000d5580000,0x00000000d5580000,0x00000000d6e80000)
  from space 4096K, 99% used [0x00000000d7280000,0x00000000d767b010,0x00000000d7680000)
  to   space 4096K, 0% used [0x00000000d6e80000,0x00000000d6e80000,0x00000000d7280000)
 ParOldGen       total 68608K, used 1073K [0x0000000080000000, 0x0000000084300000, 0x00000000d5580000)
  object space 68608K, 1% used [0x0000000080000000,0x000000008010c6a8,0x0000000084300000)
 Metaspace       used 8172K, committed 8448K, reserved 1114112K
  class space    used 869K, committed 960K, reserved 1048576K
}

Dll operation events (9 events):
Event: 0.846 Loaded shared library c:\Users\maria\.vscode\extensions\redhat.java-1.55.0-win32-x64\jre\21.0.11-win32-x86_64\bin\java.dll
Event: 1.007 Loaded shared library c:\Users\maria\.vscode\extensions\redhat.java-1.55.0-win32-x64\jre\21.0.11-win32-x86_64\bin\zip.dll
Event: 1.039 Loaded shared library C:\Users\maria\.vscode\extensions\redhat.java-1.55.0-win32-x64\jre\21.0.11-win32-x86_64\bin\instrument.dll
Event: 1.212 Loaded shared library C:\Users\maria\.vscode\extensions\redhat.java-1.55.0-win32-x64\jre\21.0.11-win32-x86_64\bin\net.dll
Event: 1.329 Loaded shared library C:\Users\maria\.vscode\extensions\redhat.java-1.55.0-win32-x64\jre\21.0.11-win32-x86_64\bin\nio.dll
Event: 1.334 Loaded shared library C:\Users\maria\.vscode\extensions\redhat.java-1.55.0-win32-x64\jre\21.0.11-win32-x86_64\bin\zip.dll
Event: 1.366 Loaded shared library C:\Users\maria\.vscode\extensions\redhat.java-1.55.0-win32-x64\jre\21.0.11-win32-x86_64\bin\jimage.dll
Event: 1.620 Loaded shared library c:\Users\maria\.vscode\extensions\redhat.java-1.55.0-win32-x64\jre\21.0.11-win32-x86_64\bin\verify.dll
Event: 20.635 Loaded shared library C:\Users\maria\AppData\Roaming\Code\User\globalStorage\redhat.java\1.55.0\config_ss_win\org.eclipse.equinox.launcher\org.eclipse.equinox.launcher.win32.win32.x86_64_1.3.100.v20260613-0559\eclipse_11924.dll

Deoptimization events (20 events):
Event: 3.707 Thread 0x0000022b51ca1710 DEOPT PACKING pc=0x0000022b5501ba08 sp=0x0000003648efc7e0
Event: 3.707 Thread 0x0000022b51ca1710 DEOPT UNPACKING pc=0x0000022b5c4278e2 sp=0x0000003648efbc60 mode 0
Event: 3.708 Thread 0x0000022b51ca1710 DEOPT PACKING pc=0x0000022b5501ba08 sp=0x0000003648efcae0
Event: 3.708 Thread 0x0000022b51ca1710 DEOPT UNPACKING pc=0x0000022b5c4278e2 sp=0x0000003648efbf60 mode 0
Event: 20.324 Thread 0x0000022b6edb8ed0 Uncommon trap: trap_request=0xffffff6e fr.pc=0x0000022b5c9e3ca8 relative=0x0000000000000368
Event: 20.324 Thread 0x0000022b6edb8ed0 Uncommon trap: reason=loop_limit_check action=maybe_recompile pc=0x0000022b5c9e3ca8 method=java.lang.StringLatin1.indexOf([BI[BII)I @ 37 c2
Event: 20.325 Thread 0x0000022b6edb8ed0 DEOPT PACKING pc=0x0000022b5c9e3ca8 sp=0x000000364a3f8db0
Event: 20.325 Thread 0x0000022b6edb8ed0 DEOPT UNPACKING pc=0x0000022b5c426da2 sp=0x000000364a3f8d10 mode 2
Event: 20.677 Thread 0x0000022b6edb8ed0 Uncommon trap: trap_request=0xffffff45 fr.pc=0x0000022b5ca19e48 relative=0x00000000000009e8
Event: 20.677 Thread 0x0000022b6edb8ed0 Uncommon trap: reason=unstable_if action=reinterpret pc=0x0000022b5ca19e48 method=java.util.concurrent.ConcurrentHashMap.putVal(Ljava/lang/Object;Ljava/lang/Object;Z)Ljava/lang/Object; @ 148 c2
Event: 20.677 Thread 0x0000022b6edb8ed0 DEOPT PACKING pc=0x0000022b5ca19e48 sp=0x000000364a3f8bb0
Event: 20.677 Thread 0x0000022b6edb8ed0 DEOPT UNPACKING pc=0x0000022b5c426da2 sp=0x000000364a3f8b20 mode 2
Event: 20.686 Thread 0x0000022b6edb8ed0 Uncommon trap: trap_request=0xffffff45 fr.pc=0x0000022b5ca2cb70 relative=0x00000000000014f0
Event: 20.686 Thread 0x0000022b6edb8ed0 Uncommon trap: reason=unstable_if action=reinterpret pc=0x0000022b5ca2cb70 method=java.io.WinNTFileSystem.normalize(Ljava/lang/String;II)Ljava/lang/String; @ 100 c2
Event: 20.686 Thread 0x0000022b6edb8ed0 DEOPT PACKING pc=0x0000022b5ca2cb70 sp=0x000000364a3f9000
Event: 20.686 Thread 0x0000022b6edb8ed0 DEOPT UNPACKING pc=0x0000022b5c426da2 sp=0x000000364a3f8f40 mode 2
Event: 20.730 Thread 0x0000022b6edb8ed0 Uncommon trap: trap_request=0xffffff45 fr.pc=0x0000022b5c9ec4b4 relative=0x0000000000000094
Event: 20.730 Thread 0x0000022b6edb8ed0 Uncommon trap: reason=unstable_if action=reinterpret pc=0x0000022b5c9ec4b4 method=java.io.BufferedInputStream.getBufIfOpen(Z)[B @ 13 c2
Event: 20.730 Thread 0x0000022b6edb8ed0 DEOPT PACKING pc=0x0000022b5c9ec4b4 sp=0x000000364a3f88e0
Event: 20.730 Thread 0x0000022b6edb8ed0 DEOPT UNPACKING pc=0x0000022b5c426da2 sp=0x000000364a3f8860 mode 2

Classes loaded (20 events):
Event: 20.712 Loading class java/lang/CloneNotSupportedException
Event: 20.712 Loading class java/lang/CloneNotSupportedException done
Event: 20.784 Loading class java/util/stream/ReferencePipeline$5
Event: 20.784 Loading class java/util/stream/LongPipeline$StatelessOp
Event: 20.784 Loading class java/util/stream/LongPipeline
Event: 20.785 Loading class java/util/stream/LongStream
Event: 20.785 Loading class java/util/stream/LongStream done
Event: 20.785 Loading class java/util/stream/LongPipeline done
Event: 20.785 Loading class java/util/stream/LongPipeline$StatelessOp done
Event: 20.785 Loading class java/util/stream/ReferencePipeline$5 done
Event: 20.785 Loading class java/util/function/LongBinaryOperator
Event: 20.785 Loading class java/util/function/LongBinaryOperator done
Event: 20.786 Loading class java/util/stream/ReduceOps$10
Event: 20.786 Loading class java/util/stream/ReduceOps$10 done
Event: 20.786 Loading class java/util/stream/ReduceOps$8ReducingSink
Event: 20.786 Loading class java/util/stream/Sink$OfLong
Event: 20.787 Loading class java/util/stream/Sink$OfLong done
Event: 20.787 Loading class java/util/stream/ReduceOps$8ReducingSink done
Event: 20.787 Loading class java/util/stream/ReferencePipeline$5$1
Event: 20.787 Loading class java/util/stream/ReferencePipeline$5$1 done

Classes unloaded (0 events):
No events

Classes redefined (0 events):
No events

Internal exceptions (20 events):
Event: 2.793 Thread 0x0000022b51ca1710 Exception <a 'java/lang/ClassNotFoundException'{0x00000000d5590810}: sun/net/www/protocol/c/Handler> (0x00000000d5590810) 
thrown [s\src\hotspot\share\classfile\systemDictionary.cpp, line 313]
Event: 2.807 Thread 0x0000022b51ca1710 Exception <a 'java/io/FileNotFoundException'{0x00000000d55b8478}> (0x00000000d55b8478) 
thrown [s\src\hotspot\share\prims\jni.cpp, line 520]
Event: 2.882 Thread 0x0000022b51ca1710 Implicit null exception at 0x0000022b5c9cbd49 to 0x0000022b5c9cc6dc
Event: 2.883 Thread 0x0000022b51ca1710 Implicit null exception at 0x0000022b5c9d041a to 0x0000022b5c9d0620
Event: 2.884 Thread 0x0000022b51ca1710 Exception <a 'java/lang/NoSuchMethodError'{0x00000000d56e9f10}: 'void java.lang.invoke.DirectMethodHandle$Holder.invokeStatic(java.lang.Object, java.lang.Object, java.lang.Object, java.lang.Object)'> (0x00000000d56e9f10) 
thrown [s\src\hotspot\share\interpreter\linkResolver.cpp, line 773]
Event: 2.887 Thread 0x0000022b51ca1710 Implicit null exception at 0x0000022b5c9d5d9a to 0x0000022b5c9d5fa4
Event: 2.887 Thread 0x0000022b51ca1710 Implicit null exception at 0x0000022b5c9ceebd to 0x0000022b5c9cef41
Event: 3.096 Thread 0x0000022b51ca1710 Exception <a 'java/lang/NoSuchMethodError'{0x00000000d59a9410}: 'void java.lang.invoke.DirectMethodHandle$Holder.invokeSpecial(java.lang.Object, java.lang.Object, java.lang.Object)'> (0x00000000d59a9410) 
thrown [s\src\hotspot\share\interpreter\linkResolver.cpp, line 773]
Event: 3.448 Thread 0x0000022b51ca1710 Exception <a 'java/lang/NoSuchMethodError'{0x00000000d62a4db0}: 'int java.lang.invoke.DirectMethodHandle$Holder.invokeVirtual(java.lang.Object, java.lang.Object)'> (0x00000000d62a4db0) 
thrown [s\src\hotspot\share\interpreter\linkResolver.cpp, line 773]
Event: 3.534 Thread 0x0000022b51ca1710 Exception <a 'java/lang/NoSuchMethodError'{0x00000000d641ccc8}: 'int java.lang.invoke.DirectMethodHandle$Holder.invokeStaticInit(java.lang.Object, java.lang.Object, java.lang.Object, java.lang.Object)'> (0x00000000d641ccc8) 
thrown [s\src\hotspot\share\interpreter\linkResolver.cpp, line 773]
Event: 3.536 Thread 0x0000022b51ca1710 Exception <a 'java/lang/IncompatibleClassChangeError'{0x00000000d64253b0}: Found class java.lang.Object, but interface was expected> (0x00000000d64253b0) 
thrown [s\src\hotspot\share\interpreter\linkResolver.cpp, line 840]
Event: 3.536 Thread 0x0000022b51ca1710 Exception <a 'java/lang/NoSuchMethodError'{0x00000000d642b940}: 'void java.lang.invoke.DirectMethodHandle$Holder.invokeStaticInit(java.lang.Object, java.lang.Object)'> (0x00000000d642b940) 
thrown [s\src\hotspot\share\interpreter\linkResolver.cpp, line 773]
Event: 3.537 Thread 0x0000022b51ca1710 Exception <a 'java/lang/NoSuchMethodError'{0x00000000d6434b58}: 'int java.lang.invoke.DirectMethodHandle$Holder.invokeStaticInit(java.lang.Object, java.lang.Object)'> (0x00000000d6434b58) 
thrown [s\src\hotspot\share\interpreter\linkResolver.cpp, line 773]
Event: 3.597 Thread 0x0000022b51ca1710 Exception <a 'java/lang/NoSuchMethodError'{0x00000000d667d310}: 'java.lang.Object java.lang.invoke.DirectMethodHandle$Holder.newInvokeSpecial(java.lang.Object, int, java.lang.Object)'> (0x00000000d667d310) 
thrown [s\src\hotspot\share\interpreter\linkResolver.cpp, line 773]
Event: 3.660 Thread 0x0000022b51ca1710 Exception <a 'java/lang/ClassNotFoundException'{0x00000000d689f688}: sun/net/www/protocol/plurl/Handler> (0x00000000d689f688) 
thrown [s\src\hotspot\share\classfile\systemDictionary.cpp, line 313]
Event: 3.660 Thread 0x0000022b51ca1710 Exception <a 'java/lang/ClassNotFoundException'{0x00000000d68a0508}: sun/net/www/protocol/plurl/Handler> (0x00000000d68a0508) 
thrown [s\src\hotspot\share\classfile\systemDictionary.cpp, line 313]
Event: 20.300 Thread 0x0000022b51ca1710 Exception <a 'java/lang/UnsatisfiedLinkError'{0x00000000d6cf7bb0}: 'void org.eclipse.equinox.launcher.JNIBridge._update_splash()'> (0x00000000d6cf7bb0) 
thrown [s\src\hotspot\share\prims\nativeLookup.cpp, line 415]
Event: 20.436 Thread 0x0000022b6edb8ed0 Exception <a 'java/lang/NullPointerException'{0x00000000d57f07b8}> (0x00000000d57f07b8) 
thrown [s\src\hotspot\share\interpreter\linkResolver.cpp, line 1372]
Event: 20.436 Thread 0x0000022b6edb8ed0 Exception <a 'java/lang/NullPointerException'{0x00000000d57f0a98}> (0x00000000d57f0a98) 
thrown [s\src\hotspot\share\interpreter\linkResolver.cpp, line 1372]
Event: 20.783 Thread 0x0000022b6edb8ed0 Exception <a 'java/lang/NoSuchMethodError'{0x00000000d6159478}: 'long java.lang.invoke.DirectMethodHandle$Holder.invokeSpecial(java.lang.Object, java.lang.Object)'> (0x00000000d6159478) 
thrown [s\src\hotspot\share\interpreter\linkResolver.cpp, line 773]

ZGC Phase Switch (0 events):
No events

VM Operations (20 events):
Event: 2.775 Executing safepoint VM operation: ParallelGCFailedAllocation (Allocation Failure)
Event: 2.788 Executing safepoint VM operation: ParallelGCFailedAllocation (Allocation Failure) done
Event: 3.564 Executing non-safepoint VM operation: HandshakeAllThreads (Deoptimize)
Event: 3.564 Executing non-safepoint VM operation: HandshakeAllThreads (Deoptimize) done
Event: 3.579 Executing non-safepoint VM operation: HandshakeAllThreads (Deoptimize)
Event: 3.579 Executing non-safepoint VM operation: HandshakeAllThreads (Deoptimize) done
Event: 3.635 Executing non-safepoint VM operation: HandshakeAllThreads (Deoptimize)
Event: 3.635 Executing non-safepoint VM operation: HandshakeAllThreads (Deoptimize) done
Event: 3.651 Executing non-safepoint VM operation: HandshakeAllThreads (Deoptimize)
Event: 3.651 Executing non-safepoint VM operation: HandshakeAllThreads (Deoptimize) done
Event: 3.755 Executing safepoint VM operation: ICBufferFull
Event: 3.755 Executing safepoint VM operation: ICBufferFull done
Event: 4.764 Executing safepoint VM operation: Cleanup
Event: 4.764 Executing safepoint VM operation: Cleanup done
Event: 20.336 Executing safepoint VM operation: ParallelGCFailedAllocation (Allocation Failure)
Event: 20.343 Executing safepoint VM operation: ParallelGCFailedAllocation (Allocation Failure) done
Event: 20.641 Executing non-safepoint VM operation: HandshakeAllThreads (Deoptimize)
Event: 20.641 Executing non-safepoint VM operation: HandshakeAllThreads (Deoptimize) done
Event: 21.643 Executing safepoint VM operation: Cleanup
Event: 21.643 Executing safepoint VM operation: Cleanup done

Memory protections (0 events):
No events

Nmethod flushes (0 events):
No events

Events (20 events):
Event: 1.042 Thread 0x0000022b51ca1710 Thread added: 0x0000022b6e23abf0
Event: 1.336 Thread 0x0000022b6e1b4210 Thread exited: 0x0000022b6e1b4210
Event: 1.500 Thread 0x0000022b51c3be60 Thread added: 0x0000022b6e2bd5f0
Event: 1.627 Thread 0x0000022b6e2bd5f0 Thread exited: 0x0000022b6e2bd5f0
Event: 1.786 Thread 0x0000022b51ca1710 Thread added: 0x0000022b6e31c600
Event: 2.096 Thread 0x0000022b51c3be60 Thread added: 0x0000022b6e3f9240
Event: 2.189 Thread 0x0000022b51c3be60 Thread added: 0x0000022b6e32e6e0
Event: 2.575 Thread 0x0000022b6e32e6e0 Thread exited: 0x0000022b6e32e6e0
Event: 2.575 Thread 0x0000022b6e3f9240 Thread exited: 0x0000022b6e3f9240
Event: 2.590 Thread 0x0000022b51c3be60 Thread added: 0x0000022b6e32e6e0
Event: 2.933 Thread 0x0000022b6e32e6e0 Thread exited: 0x0000022b6e32e6e0
Event: 3.181 Thread 0x0000022b51c3be60 Thread added: 0x0000022b6e6a08f0
Event: 3.183 Thread 0x0000022b6e6a08f0 Thread added: 0x0000022b6e6910e0
Event: 3.550 Thread 0x0000022b51ca1710 Thread added: 0x0000022b6e7b8ae0
Event: 4.081 Thread 0x0000022b6e6a08f0 Thread exited: 0x0000022b6e6a08f0
Event: 4.082 Thread 0x0000022b6e6910e0 Thread exited: 0x0000022b6e6910e0
Event: 20.289 Thread 0x0000022b51ca1710 Thread added: 0x0000022b6e1d5530
Event: 20.297 Thread 0x0000022b51ca1710 Thread added: 0x0000022b6edb8ed0
Event: 20.365 Thread 0x0000022b6edb8ed0 Thread added: 0x0000022b6e4375e0
Event: 20.795 Thread 0x0000022b51c3be60 Thread added: 0x0000022b6eb25db0


Dynamic libraries:
0x00007ff748690000 - 0x00007ff74869e000 	c:\Users\maria\.vscode\extensions\redhat.java-1.55.0-win32-x64\jre\21.0.11-win32-x86_64\bin\java.exe
0x00007ffcdb9c0000 - 0x00007ffcdbc26000 	C:\WINDOWS\SYSTEM32\ntdll.dll
0x00007ffcdaf60000 - 0x00007ffcdb029000 	C:\WINDOWS\System32\KERNEL32.DLL
0x00007ffcd8f40000 - 0x00007ffcd933a000 	C:\WINDOWS\System32\KERNELBASE.dll
0x00007ffcd95e0000 - 0x00007ffcd972c000 	C:\WINDOWS\System32\ucrtbase.dll
0x00007ffc84f30000 - 0x00007ffc84f48000 	c:\Users\maria\.vscode\extensions\redhat.java-1.55.0-win32-x64\jre\21.0.11-win32-x86_64\bin\jli.dll
0x00007ffc8a3a0000 - 0x00007ffc8a3be000 	c:\Users\maria\.vscode\extensions\redhat.java-1.55.0-win32-x64\jre\21.0.11-win32-x86_64\bin\VCRUNTIME140.dll
0x00007ffcda3e0000 - 0x00007ffcda5a7000 	C:\WINDOWS\System32\USER32.dll
0x00007ffcd9340000 - 0x00007ffcd9367000 	C:\WINDOWS\System32\win32u.dll
0x00007ffcba870000 - 0x00007ffcbab02000 	C:\WINDOWS\WinSxS\amd64_microsoft.windows.common-controls_6595b64144ccf1df_6.0.26100.8521_none_3e08b75ce33403b3\COMCTL32.dll
0x00007ffcdb950000 - 0x00007ffcdb97b000 	C:\WINDOWS\System32\GDI32.dll
0x00007ffcd9400000 - 0x00007ffcd952b000 	C:\WINDOWS\System32\gdi32full.dll
0x00007ffcdb5e0000 - 0x00007ffcdb689000 	C:\WINDOWS\System32\msvcrt.dll
0x00007ffcd9530000 - 0x00007ffcd95d3000 	C:\WINDOWS\System32\msvcp_win.dll
0x00007ffcdae30000 - 0x00007ffcdae62000 	C:\WINDOWS\System32\IMM32.DLL
0x00007ffcacc40000 - 0x00007ffcacc4c000 	c:\Users\maria\.vscode\extensions\redhat.java-1.55.0-win32-x64\jre\21.0.11-win32-x86_64\bin\vcruntime140_1.dll
0x00007ffc53680000 - 0x00007ffc5370d000 	c:\Users\maria\.vscode\extensions\redhat.java-1.55.0-win32-x64\jre\21.0.11-win32-x86_64\bin\msvcp140.dll
0x00007ffbe1fb0000 - 0x00007ffbe2d52000 	c:\Users\maria\.vscode\extensions\redhat.java-1.55.0-win32-x64\jre\21.0.11-win32-x86_64\bin\server\jvm.dll
0x00007ffcd9910000 - 0x00007ffcd99c6000 	C:\WINDOWS\System32\ADVAPI32.dll
0x00007ffcdb260000 - 0x00007ffcdb30a000 	C:\WINDOWS\System32\sechost.dll
0x00007ffcdb140000 - 0x00007ffcdb258000 	C:\WINDOWS\System32\RPCRT4.dll
0x00007ffcdb8a0000 - 0x00007ffcdb920000 	C:\WINDOWS\System32\WS2_32.dll
0x00007ffcd8ad0000 - 0x00007ffcd8b2e000 	C:\WINDOWS\SYSTEM32\POWRPROF.dll
0x00007ffccdcb0000 - 0x00007ffccdce6000 	C:\WINDOWS\SYSTEM32\WINMM.dll
0x00007ffcc5b10000 - 0x00007ffcc5b1b000 	C:\WINDOWS\SYSTEM32\VERSION.dll
0x00007ffcd8ab0000 - 0x00007ffcd8ac4000 	C:\WINDOWS\SYSTEM32\UMPDC.dll
0x00007ffcd79c0000 - 0x00007ffcd79db000 	C:\WINDOWS\SYSTEM32\kernel.appcore.dll
0x00007ffc9d520000 - 0x00007ffc9d52a000 	c:\Users\maria\.vscode\extensions\redhat.java-1.55.0-win32-x64\jre\21.0.11-win32-x86_64\bin\jimage.dll
0x00007ffcd64a0000 - 0x00007ffcd66e2000 	C:\WINDOWS\SYSTEM32\DBGHELP.DLL
0x00007ffcda050000 - 0x00007ffcda3d3000 	C:\WINDOWS\System32\combase.dll
0x00007ffcd9f60000 - 0x00007ffcda039000 	C:\WINDOWS\System32\OLEAUT32.dll
0x00007ffcbae00000 - 0x00007ffcbae3b000 	C:\WINDOWS\SYSTEM32\dbgcore.DLL
0x00007ffcd8dd0000 - 0x00007ffcd8e78000 	C:\WINDOWS\System32\bcryptPrimitives.dll
0x00007ffc9d450000 - 0x00007ffc9d45f000 	c:\Users\maria\.vscode\extensions\redhat.java-1.55.0-win32-x64\jre\21.0.11-win32-x86_64\bin\instrument.dll
0x00007ffc5a810000 - 0x00007ffc5a830000 	c:\Users\maria\.vscode\extensions\redhat.java-1.55.0-win32-x64\jre\21.0.11-win32-x86_64\bin\java.dll
0x00007ffcda610000 - 0x00007ffcdad94000 	C:\WINDOWS\System32\SHELL32.dll
0x00007ffcd67d0000 - 0x00007ffcd7050000 	C:\WINDOWS\SYSTEM32\windows.storage.dll
0x00007ffcdb470000 - 0x00007ffcdb566000 	C:\WINDOWS\System32\SHCORE.dll
0x00007ffcdb570000 - 0x00007ffcdb5d7000 	C:\WINDOWS\System32\shlwapi.dll
0x00007ffcd8b70000 - 0x00007ffcd8b99000 	C:\WINDOWS\SYSTEM32\profapi.dll
0x00007ffc7bdb0000 - 0x00007ffc7bdc8000 	c:\Users\maria\.vscode\extensions\redhat.java-1.55.0-win32-x64\jre\21.0.11-win32-x86_64\bin\zip.dll
0x00007ffc9d3f0000 - 0x00007ffc9d400000 	C:\Users\maria\.vscode\extensions\redhat.java-1.55.0-win32-x64\jre\21.0.11-win32-x86_64\bin\net.dll
0x00007ffccfcd0000 - 0x00007ffccfdf9000 	C:\WINDOWS\SYSTEM32\WINHTTP.dll
0x00007ffcd7f50000 - 0x00007ffcd7fbc000 	C:\WINDOWS\system32\mswsock.dll
0x00007ffc5b1e0000 - 0x00007ffc5b1f6000 	C:\Users\maria\.vscode\extensions\redhat.java-1.55.0-win32-x64\jre\21.0.11-win32-x86_64\bin\nio.dll
0x00007ffc9d210000 - 0x00007ffc9d220000 	c:\Users\maria\.vscode\extensions\redhat.java-1.55.0-win32-x64\jre\21.0.11-win32-x86_64\bin\verify.dll
0x00007ffc80950000 - 0x00007ffc80995000 	C:\Users\maria\AppData\Roaming\Code\User\globalStorage\redhat.java\1.55.0\config_ss_win\org.eclipse.equinox.launcher\org.eclipse.equinox.launcher.win32.win32.x86_64_1.3.100.v20260613-0559\eclipse_11924.dll
0x00007ffcdb690000 - 0x00007ffcdb828000 	C:\WINDOWS\System32\ole32.dll

JVMTI agents:
c:\Users\maria\.vscode\extensions\redhat.java-1.55.0-win32-x64\lombok\lombok-1.18.39-4050.jar path:c:\Users\maria\.vscode\extensions\redhat.java-1.55.0-win32-x64\jre\21.0.11-win32-x86_64\bin\instrument.dll, loaded, initialized, instrumentlib options:none

dbghelp: loaded successfully - version: 4.0.5 - missing functions: none
symbol engine: initialized successfully - sym options: 0x614 - pdb path: .;c:\Users\maria\.vscode\extensions\redhat.java-1.55.0-win32-x64\jre\21.0.11-win32-x86_64\bin;C:\WINDOWS\SYSTEM32;C:\WINDOWS\WinSxS\amd64_microsoft.windows.common-controls_6595b64144ccf1df_6.0.26100.8521_none_3e08b75ce33403b3;c:\Users\maria\.vscode\extensions\redhat.java-1.55.0-win32-x64\jre\21.0.11-win32-x86_64\bin\server;C:\Users\maria\AppData\Roaming\Code\User\globalStorage\redhat.java\1.55.0\config_ss_win\org.eclipse.equinox.launcher\org.eclipse.equinox.launcher.win32.win32.x86_64_1.3.100.v20260613-0559

VM Arguments:
jvm_args: --add-modules=ALL-SYSTEM --add-opens=java.base/java.util=ALL-UNNAMED --add-opens=java.base/java.lang=ALL-UNNAMED --add-opens=java.base/sun.nio.fs=ALL-UNNAMED -Declipse.application=org.eclipse.jdt.ls.core.id1 -Dosgi.bundles.defaultStartLevel=4 -Declipse.product=org.eclipse.jdt.ls.core.product -Djava.import.generatesMetadataFilesAtProjectRoot=false -DDetectVMInstallationsJob.disabled=true -Dfile.encoding=utf8 -XX:+UseParallelGC -XX:GCTimeRatio=4 -XX:AdaptiveSizePolicyWeight=90 -Dsun.zip.disableMemoryMapping=true -Xmx2G -Xms100m -Xlog:disable -javaagent:c:\Users\maria\.vscode\extensions\redhat.java-1.55.0-win32-x64\lombok\lombok-1.18.39-4050.jar 
java_command: c:\Users\maria\.vscode\extensions\redhat.java-1.55.0-win32-x64\server\plugins\org.eclipse.equinox.launcher_1.7.200.v20260619-2039.jar -configuration c:\Users\maria\AppData\Roaming\Code\User\globalStorage\redhat.java\1.55.0\config_ss_win -data c:\Users\maria\AppData\Roaming\Code\User\workspaceStorage\04160370f418db120026280e539dd7ca\redhat.java\ss_ws --pipe=\\.\pipe\lsp-585e8327155b36b08d107522c4d3adc7-sock
java_class_path (initial): c:\Users\maria\.vscode\extensions\redhat.java-1.55.0-win32-x64\server\plugins\org.eclipse.equinox.launcher_1.7.200.v20260619-2039.jar
Launcher Type: SUN_STANDARD

[Global flags]
    uintx AdaptiveSizePolicyWeight                 = 90                                        {product} {command line}
     intx CICompilerCount                          = 4                                         {product} {ergonomic}
    uintx GCTimeRatio                              = 4                                         {product} {command line}
   size_t InitialHeapSize                          = 104857600                                 {product} {command line}
   size_t MaxHeapSize                              = 2147483648                                {product} {command line}
   size_t MaxNewSize                               = 715653120                                 {product} {ergonomic}
   size_t MinHeapDeltaBytes                        = 524288                                    {product} {ergonomic}
   size_t MinHeapSize                              = 104857600                                 {product} {command line}
   size_t NewSize                                  = 34603008                                  {product} {ergonomic}
    uintx NonNMethodCodeHeapSize                   = 5839372                                {pd product} {ergonomic}
    uintx NonProfiledCodeHeapSize                  = 122909434                              {pd product} {ergonomic}
   size_t OldSize                                  = 70254592                                  {product} {ergonomic}
    uintx ProfiledCodeHeapSize                     = 122909434                              {pd product} {ergonomic}
    uintx ReservedCodeCacheSize                    = 251658240                              {pd product} {ergonomic}
     bool SegmentedCodeCache                       = true                                      {product} {ergonomic}
   size_t SoftMaxHeapSize                          = 2147483648                             {manageable} {ergonomic}
     bool UseCompressedOops                        = true                           {product lp64_product} {ergonomic}
     bool UseLargePagesIndividualAllocation        = false                                  {pd product} {ergonomic}
     bool UseParallelGC                            = true                                      {product} {command line}

Logging:
Log output configuration:
 #0: stdout all=off uptime,level,tags foldmultilines=false
 #1: stderr all=off uptime,level,tags foldmultilines=false

Release file:
JAVA_VERSION="21.0.11" 
MODULES="java.base java.compiler java.datatransfer java.xml java.prefs java.desktop java.instrument java.logging java.management java.security.sasl java.naming java.rmi java.management.rmi java.net.http java.scripting java.security.jgss java.transaction.xa java.sql java.sql.rowset java.xml.crypto java.se java.smartcardio jdk.accessibility jdk.internal.jvmstat jdk.attach jdk.charsets jdk.internal.opt jdk.zipfs jdk.compiler jdk.crypto.ec jdk.crypto.cryptoki jdk.crypto.mscapi jdk.dynalink jdk.internal.ed jdk.editpad jdk.hotspot.agent jdk.httpserver jdk.internal.le jdk.internal.vm.ci jdk.internal.vm.compiler jdk.internal.vm.compiler.management jdk.jartool jdk.javadoc jdk.jcmd jdk.management jdk.management.agent jdk.jconsole jdk.jdeps jdk.jdwp.agent jdk.jdi jdk.jfr jdk.jshell jdk.jsobject jdk.jstatd jdk.localedata jdk.management.jfr jdk.naming.dns jdk.naming.rmi jdk.net jdk.nio.mapmode jdk.random jdk.sctp jdk.security.auth jdk.security.jgss jdk.unsupported jdk.unsupported.desktop jdk.xml.dom" 

Environment Variables:
JAVA_HOME=C:\Users\maria\Downloads\jdk-21_windows-x64_bin\jdk-21.0.10
PATH=C:\Python314\Scripts\;C:\Python314\;C:\Program Files\Java\jdk-21\bin;C:\Program Files\Eclipse Adoptium\jdk-17.0.17.10-hotspot\bin;C:\Program Files\Eclipse Adoptium\jdk-11.0.29.7-hotspot\bin;C:\Program Files\Java\jdk-21\bin;C:\oracleXE\dbhomeXE\bin;C:\Program Files (x86)\VMware\VMware Workstation\bin\;C:\Program Files (x86)\Common Files\Intel\Shared Libraries\redist\intel64\compiler;C:\WINDOWS\system32;C:\WINDOWS;C:\WINDOWS\System32\Wbem;C:\WINDOWS\System32\WindowsPowerShell\v1.0\;C:\WINDOWS\System32\OpenSSH\;C:\Program Files\Microsoft SQL Server\150\Tools\Binn\;C:\Program Files\Microsoft SQL Server\Client SDK\ODBC\170\Tools\Binn\;C:\Program Files\dotnet\;C:\Program Files\PuTTY\;C:\Program Files\Git\cmd;C:\Users\maria\Downloads\apache-maven-3.9.12-bin\apache-maven-3.9.12\bin;C:\Program Files\ArangoDB3 3.11.9\usr\bin;C:\Program Files\MiKTeX\miktex\bin\x64\;C:\Program Files\nodejs\;C:\ProgramData\chocolatey\bin;C:\Users\maria\Downloads\vault_1.21.4_windows_386;;C:\Program Files\Docker\Docker\resources\bin;C:\Program Files\java\jdk-21.0.6\bin;%JAVA_HOME\bin;C:\Users\maria\AppData\Local\Programs\Python\Launcher\;C:\Users\maria\AppData\Local\Programs\Python\Python313\Scripts\;C:\Users\maria\AppData\Local\Programs\Python\Python313\;C:\Users\maria\AppData\Local\Programs\Python\Python312\Scripts\;C:\Users\maria\AppData\Local\Programs\Python\Python312\;C:\Users\maria\AppData\Local\Microsoft\WindowsApps;C:\Users\maria\.dotnet\tools;C:\Users\maria\AppData\Local\Programs\Microsoft VS Code\bin;C:\Users\maria\Downloads\PyCharm Community Edition 2024.2.1\bin;;C:\Users\maria;C:\Users\maria\AppData\Roaming\npm;C:\Users\maria\AppData\Local\Microsoft\WinGet\Packages\Gitleaks.Gitleaks_Microsoft.Winget.Source_8wekyb3d8bbwe;C:\Users\maria\Downloads\vault_1.21.4_windows_386;C:\Users\maria\AppData\Local\Programs\Antigravity\bin;C:\Users\maria\AppData\Local\Programs\Antigravity IDE\bin;C:\Users\maria\AppData\Local\Programs\Kiro\bin
USERNAME=maria
OS=Windows_NT
PROCESSOR_IDENTIFIER=Intel64 Family 6 Model 140 Stepping 1, GenuineIntel
TMP=C:\Users\maria\AppData\Local\Temp
TEMP=C:\Users\maria\AppData\Local\Temp




Periodic native trim disabled

---------------  S Y S T E M  ---------------

OS:
 Windows 11 , 64 bit Build 26100 (10.0.26100.8521)
OS uptime: 4 days 8:46 hours
Hyper-V role detected

CPU: total 8 (initial active 8) (4 cores per cpu, 2 threads per core) family 6 model 140 stepping 1 microcode 0xb4, cx8, cmov, fxsr, ht, mmx, 3dnowpref, sse, sse2, sse3, ssse3, sse4.1, sse4.2, popcnt, lzcnt, tsc, tscinvbit, avx, avx2, aes, erms, clmul, bmi1, bmi2, adx, avx512f, avx512dq, avx512cd, avx512bw, avx512vl, sha, fma, vzeroupper, avx512_vpopcntdq, avx512_vpclmulqdq, avx512_vaes, avx512_vnni, clflush, clflushopt, clwb, avx512_vbmi2, avx512_vbmi, hv, rdtscp, rdpid, fsrm, gfni, avx512_bitalg, f16c, cet_ibt, cet_ss, avx512_ifma
Processor Information for the first 8 processors :
  Max Mhz: 2401, Current Mhz: 2401, Mhz Limit: 2401

Memory: 4k page, system-wide physical 11931M (658M free)
TotalPageFile size 48795M (AvailPageFile size 21M)
current process WorkingSet (physical memory assigned to process): 100M, peak: 100M
current process commit charge ("private bytes"): 245M, peak: 246M

vm_info: OpenJDK 64-Bit Server VM (21.0.11+10-LTS) for windows-amd64 JRE (21.0.11+10-LTS), built on 2026-04-21T00:00:00Z by "admin" with MS VC++ 17.12 (VS2022)

END.
